# JRE version: OpenJDK Runtime Environment (8.0_152-b01) (build 1.8.0_152-release-1343-b01)
# Java VM: OpenJDK 64-Bit Server VM (25.152-b01 mixed mode windows-amd64 compressed oops)
Heap:
 PSYoungGen      total 219648K, used 85976K [0x00000000e0000000, 0x00000000f0e80000, 0x0000000100000000)
  eden space 177664K, 30% used [0x00000000e0000000,0x00000000e356fc08,0x00000000ead80000)
  from space 41984K, 74% used [0x00000000ee580000,0x00000000f04066f0,0x00000000f0e80000)
  to   space 49664K, 0% used [0x00000000ead80000,0x00000000ead80000,0x00000000ede00000)
 ParOldGen       total 207872K, used 110284K [0x00000000a0000000, 0x00000000acb00000, 0x00000000e0000000)
  object space 207872K, 53% used [0x00000000a0000000,0x00000000a6bb3388,0x00000000acb00000)
 Metaspace       used 83405K, capacity 86232K, committed 86744K, reserved 1124352K
  class space    used 10774K, capacity 11424K, committed 11520K, reserved 1048576K
GC Heap History (10 events):
Event: 222.277 GC heap before
{Heap before GC invocations=31 (full 4):
 PSYoungGen      total 167936K, used 167916K [0x00000000e0000000, 0x00000000ed780000, 0x0000000100000000)
  eden space 143872K, 100% used [0x00000000e0000000,0x00000000e8c80000,0x00000000e8c80000)
  from space 24064K, 99% used [0x00000000ead00000,0x00000000ec47b3d0,0x00000000ec480000)
  to   space 33280K, 0% used [0x00000000e8c80000,0x00000000e8c80000,0x00000000ead00000)
 ParOldGen       total 117760K, used 62017K [0x00000000a0000000, 0x00000000a7300000, 0x00000000e0000000)
  object space 117760K, 52% used [0x00000000a0000000,0x00000000a3c905a0,0x00000000a7300000)
 Metaspace       used 79246K, capacity 81762K, committed 81880K, reserved 1120256K
  class space    used 10364K, capacity 10959K, committed 11008K, reserved 1048576K
Event: 222.353 GC heap after
Heap after GC invocations=31 (full 4):
 PSYoungGen      total 177152K, used 20653K [0x00000000e0000000, 0x00000000ee280000, 0x0000000100000000)
  eden space 143872K, 0% used [0x00000000e0000000,0x00000000e0000000,0x00000000e8c80000)
  from space 33280K, 62% used [0x00000000e8c80000,0x00000000ea0ab768,0x00000000ead00000)
  to   space 33792K, 0% used [0x00000000ec180000,0x00000000ec180000,0x00000000ee280000)
 ParOldGen       total 117760K, used 78675K [0x00000000a0000000, 0x00000000a7300000, 0x00000000e0000000)
  object space 117760K, 66% used [0x00000000a0000000,0x00000000a4cd4d00,0x00000000a7300000)
 Metaspace       used 79246K, capacity 81762K, committed 81880K, reserved 1120256K
  class space    used 10364K, capacity 10959K, committed 11008K, reserved 1048576K
}
Event: 226.158 GC heap before
{Heap before GC invocations=32 (full 4):
 PSYoungGen      total 177152K, used 164525K [0x00000000e0000000, 0x00000000ee280000, 0x0000000100000000)
  eden space 143872K, 100% used [0x00000000e0000000,0x00000000e8c80000,0x00000000e8c80000)
  from space 33280K, 62% used [0x00000000e8c80000,0x00000000ea0ab768,0x00000000ead00000)
  to   space 33792K, 0% used [0x00000000ec180000,0x00000000ec180000,0x00000000ee280000)
 ParOldGen       total 117760K, used 78675K [0x00000000a0000000, 0x00000000a7300000, 0x00000000e0000000)
  object space 117760K, 66% used [0x00000000a0000000,0x00000000a4cd4d00,0x00000000a7300000)
 Metaspace       used 82394K, capacity 85328K, committed 85592K, reserved 1124352K
  class space    used 10685K, capacity 11336K, committed 11392K, reserved 1048576K
Event: 226.178 GC heap after
Heap after GC invocations=32 (full 4):
 PSYoungGen      total 193024K, used 9758K [0x00000000e0000000, 0x00000000edf00000, 0x0000000100000000)
  eden space 162816K, 0% used [0x00000000e0000000,0x00000000e0000000,0x00000000e9f00000)
  from space 30208K, 32% used [0x00000000ec180000,0x00000000ecb07b40,0x00000000edf00000)
  to   space 32768K, 0% used [0x00000000e9f00000,0x00000000e9f00000,0x00000000ebf00000)
 ParOldGen       total 117760K, used 78683K [0x00000000a0000000, 0x00000000a7300000, 0x00000000e0000000)
  object space 117760K, 66% used [0x00000000a0000000,0x00000000a4cd6d00,0x00000000a7300000)
 Metaspace       used 82394K, capacity 85328K, committed 85592K, reserved 1124352K
  class space    used 10685K, capacity 11336K, committed 11392K, reserved 1048576K
}
Event: 233.244 GC heap before
{Heap before GC invocations=33 (full 4):
 PSYoungGen      total 193024K, used 172574K [0x00000000e0000000, 0x00000000edf00000, 0x0000000100000000)
  eden space 162816K, 100% used [0x00000000e0000000,0x00000000e9f00000,0x00000000e9f00000)
  from space 30208K, 32% used [0x00000000ec180000,0x00000000ecb07b40,0x00000000edf00000)
  to   space 32768K, 0% used [0x00000000e9f00000,0x00000000e9f00000,0x00000000ebf00000)
 ParOldGen       total 117760K, used 78683K [0x00000000a0000000, 0x00000000a7300000, 0x00000000e0000000)
  object space 117760K, 66% used [0x00000000a0000000,0x00000000a4cd6d00,0x00000000a7300000)
 Metaspace       used 83432K, capacity 86410K, committed 86488K, reserved 1124352K
  class space    used 10811K, capacity 11459K, committed 11520K, reserved 1048576K
Event: 233.363 GC heap after
Heap after GC invocations=33 (full 4):
 PSYoungGen      total 195584K, used 32758K [0x00000000e0000000, 0x00000000f1400000, 0x0000000100000000)
  eden space 162816K, 0% used [0x00000000e0000000,0x00000000e0000000,0x00000000e9f00000)
  from space 32768K, 99% used [0x00000000e9f00000,0x00000000ebefd980,0x00000000ebf00000)
  to   space 47616K, 0% used [0x00000000ee580000,0x00000000ee580000,0x00000000f1400000)
 ParOldGen       total 117760K, used 105111K [0x00000000a0000000, 0x00000000a7300000, 0x00000000e0000000)
  object space 117760K, 89% used [0x00000000a0000000,0x00000000a66a5eb8,0x00000000a7300000)
 Metaspace       used 83432K, capacity 86410K, committed 86488K, reserved 1124352K
  class space    used 10811K, capacity 11459K, committed 11520K, reserved 1048576K
}
Event: 233.817 GC heap before
{Heap before GC invocations=34 (full 5):
 PSYoungGen      total 195584K, used 32758K [0x00000000e0000000, 0x00000000f1400000, 0x0000000100000000)
  eden space 162816K, 0% used [0x00000000e0000000,0x00000000e0000000,0x00000000e9f00000)
  from space 32768K, 99% used [0x00000000e9f00000,0x00000000ebefd980,0x00000000ebf00000)
  to   space 47616K, 0% used [0x00000000ee580000,0x00000000ee580000,0x00000000f1400000)
 ParOldGen       total 117760K, used 105111K [0x00000000a0000000, 0x00000000a7300000, 0x00000000e0000000)
  object space 117760K, 89% used [0x00000000a0000000,0x00000000a66a5eb8,0x00000000a7300000)
 Metaspace       used 83432K, capacity 86410K, committed 86488K, reserved 1124352K
  class space    used 10811K, capacity 11459K, committed 11520K, reserved 1048576K
Event: 235.834 GC heap after
Heap after GC invocations=34 (full 5):
 PSYoungGen      total 195584K, used 0K [0x00000000e0000000, 0x00000000f1400000, 0x0000000100000000)
  eden space 162816K, 0% used [0x00000000e0000000,0x00000000e0000000,0x00000000e9f00000)
  from space 32768K, 0% used [0x00000000e9f00000,0x00000000e9f00000,0x00000000ebf00000)
  to   space 47616K, 0% used [0x00000000ee580000,0x00000000ee580000,0x00000000f1400000)
 ParOldGen       total 207872K, used 110276K [0x00000000a0000000, 0x00000000acb00000, 0x00000000e0000000)
  object space 207872K, 53% used [0x00000000a0000000,0x00000000a6bb1388,0x00000000acb00000)
 Metaspace       used 83314K, capacity 86122K, committed 86488K, reserved 1124352K
  class space    used 10770K, capacity 11387K, committed 11520K, reserved 1048576K
}
Event: 237.719 GC heap before
{Heap before GC invocations=35 (full 5):
 PSYoungGen      total 195584K, used 162816K [0x00000000e0000000, 0x00000000f1400000, 0x0000000100000000)
  eden space 162816K, 100% used [0x00000000e0000000,0x00000000e9f00000,0x00000000e9f00000)
  from space 32768K, 0% used [0x00000000e9f00000,0x00000000e9f00000,0x00000000ebf00000)
  to   space 47616K, 0% used [0x00000000ee580000,0x00000000ee580000,0x00000000f1400000)
 ParOldGen       total 207872K, used 110276K [0x00000000a0000000, 0x00000000acb00000, 0x00000000e0000000)
  object space 207872K, 53% used [0x00000000a0000000,0x00000000a6bb1388,0x00000000acb00000)
 Metaspace       used 83379K, capacity 86228K, committed 86744K, reserved 1124352K
  class space    used 10774K, capacity 11424K, committed 11520K, reserved 1048576K
Event: 237.764 GC heap after
Heap after GC invocations=35 (full 5):
 PSYoungGen      total 219648K, used 31257K [0x00000000e0000000, 0x00000000f0e80000, 0x0000000100000000)
  eden space 177664K, 0% used [0x00000000e0000000,0x00000000e0000000,0x00000000ead80000)
  from space 41984K, 74% used [0x00000000ee580000,0x00000000f04066f0,0x00000000f0e80000)
  to   space 49664K, 0% used [0x00000000ead80000,0x00000000ead80000,0x00000000ede00000)
 ParOldGen       total 207872K, used 110284K [0x00000000a0000000, 0x00000000acb00000, 0x00000000e0000000)
  object space 207872K, 53% used [0x00000000a0000000,0x00000000a6bb3388,0x00000000acb00000)
 Metaspace       used 83379K, capacity 86228K, committed 86744K, reserved 1124352K
  class space    used 10774K, capacity 11424K, committed 11520K, reserved 1048576K
}

