# JRE version: OpenJDK Runtime Environment (8.0_152-b01) (build 1.8.0_152-release-1343-b01)
# Java VM: OpenJDK 64-Bit Server VM (25.152-b01 mixed mode windows-amd64 compressed oops)
Heap:
 PSYoungGen      total 189440K, used 152488K [0x00000000e0000000, 0x00000000edc00000, 0x0000000100000000)
  eden space 176128K, 79% used [0x00000000e0000000,0x00000000e885b3b8,0x00000000eac00000)
  from space 13312K, 96% used [0x00000000ecf00000,0x00000000edb8ee88,0x00000000edc00000)
  to   space 17920K, 0% used [0x00000000eb900000,0x00000000eb900000,0x00000000eca80000)
 ParOldGen       total 54272K, used 30517K [0x00000000a0000000, 0x00000000a3500000, 0x00000000e0000000)
  object space 54272K, 56% used [0x00000000a0000000,0x00000000a1dcd7b0,0x00000000a3500000)
 Metaspace       used 63326K, capacity 65270K, committed 65560K, reserved 1105920K
  class space    used 8469K, capacity 8913K, committed 9000K, reserved 1048576K
GC Heap History (10 events):
Event: 10.331 GC heap before
{Heap before GC invocations=15 (full 2):
 PSYoungGen      total 126976K, used 118272K [0x00000000e0000000, 0x00000000e9500000, 0x0000000100000000)
  eden space 118272K, 100% used [0x00000000e0000000,0x00000000e7380000,0x00000000e7380000)
  from space 8704K, 0% used [0x00000000e7c00000,0x00000000e7c00000,0x00000000e8480000)
  to   space 8704K, 0% used [0x00000000e7380000,0x00000000e7380000,0x00000000e7c00000)
 ParOldGen       total 54272K, used 15962K [0x00000000a0000000, 0x00000000a3500000, 0x00000000e0000000)
  object space 54272K, 29% used [0x00000000a0000000,0x00000000a0f96a28,0x00000000a3500000)
 Metaspace       used 44807K, capacity 45702K, committed 45992K, reserved 1089536K
  class space    used 6042K, capacity 6284K, committed 6312K, reserved 1048576K
Event: 10.356 GC heap after
Heap after GC invocations=15 (full 2):
 PSYoungGen      total 126976K, used 8696K [0x00000000e0000000, 0x00000000eab00000, 0x0000000100000000)
  eden space 118272K, 0% used [0x00000000e0000000,0x00000000e0000000,0x00000000e7380000)
  from space 8704K, 99% used [0x00000000e7380000,0x00000000e7bfe100,0x00000000e7c00000)
  to   space 12288K, 0% used [0x00000000e9f00000,0x00000000e9f00000,0x00000000eab00000)
 ParOldGen       total 54272K, used 22297K [0x00000000a0000000, 0x00000000a3500000, 0x00000000e0000000)
  object space 54272K, 41% used [0x00000000a0000000,0x00000000a15c6658,0x00000000a3500000)
 Metaspace       used 44807K, capacity 45702K, committed 45992K, reserved 1089536K
  class space    used 6042K, capacity 6284K, committed 6312K, reserved 1048576K
}
Event: 11.907 GC heap before
{Heap before GC invocations=16 (full 2):
 PSYoungGen      total 126976K, used 126968K [0x00000000e0000000, 0x00000000eab00000, 0x0000000100000000)
  eden space 118272K, 100% used [0x00000000e0000000,0x00000000e7380000,0x00000000e7380000)
  from space 8704K, 99% used [0x00000000e7380000,0x00000000e7bfe100,0x00000000e7c00000)
  to   space 12288K, 0% used [0x00000000e9f00000,0x00000000e9f00000,0x00000000eab00000)
 ParOldGen       total 54272K, used 22297K [0x00000000a0000000, 0x00000000a3500000, 0x00000000e0000000)
  object space 54272K, 41% used [0x00000000a0000000,0x00000000a15c6658,0x00000000a3500000)
 Metaspace       used 56501K, capacity 57908K, committed 58280K, reserved 1099776K
  class space    used 7618K, capacity 8007K, committed 8104K, reserved 1048576K
Event: 11.939 GC heap after
Heap after GC invocations=16 (full 2):
 PSYoungGen      total 158208K, used 12260K [0x00000000e0000000, 0x00000000eb600000, 0x0000000100000000)
  eden space 145920K, 0% used [0x00000000e0000000,0x00000000e0000000,0x00000000e8e80000)
  from space 12288K, 99% used [0x00000000e9f00000,0x00000000eaaf91f8,0x00000000eab00000)
  to   space 16896K, 0% used [0x00000000e8e80000,0x00000000e8e80000,0x00000000e9f00000)
 ParOldGen       total 54272K, used 30941K [0x00000000a0000000, 0x00000000a3500000, 0x00000000e0000000)
  object space 54272K, 57% used [0x00000000a0000000,0x00000000a1e37750,0x00000000a3500000)
 Metaspace       used 56501K, capacity 57908K, committed 58280K, reserved 1099776K
  class space    used 7618K, capacity 8007K, committed 8104K, reserved 1048576K
}
Event: 12.408 GC heap before
{Heap before GC invocations=17 (full 2):
 PSYoungGen      total 158208K, used 47119K [0x00000000e0000000, 0x00000000eb600000, 0x0000000100000000)
  eden space 145920K, 23% used [0x00000000e0000000,0x00000000e220adf0,0x00000000e8e80000)
  from space 12288K, 99% used [0x00000000e9f00000,0x00000000eaaf91f8,0x00000000eab00000)
  to   space 16896K, 0% used [0x00000000e8e80000,0x00000000e8e80000,0x00000000e9f00000)
 ParOldGen       total 54272K, used 30941K [0x00000000a0000000, 0x00000000a3500000, 0x00000000e0000000)
  object space 54272K, 57% used [0x00000000a0000000,0x00000000a1e37750,0x00000000a3500000)
 Metaspace       used 57644K, capacity 59110K, committed 59160K, reserved 1099776K
  class space    used 7805K, capacity 8195K, committed 8232K, reserved 1048576K
Event: 12.428 GC heap after
Heap after GC invocations=17 (full 2):
 PSYoungGen      total 162816K, used 3984K [0x00000000e0000000, 0x00000000edf80000, 0x0000000100000000)
  eden space 145920K, 0% used [0x00000000e0000000,0x00000000e0000000,0x00000000e8e80000)
  from space 16896K, 23% used [0x00000000e8e80000,0x00000000e9264010,0x00000000e9f00000)
  to   space 16896K, 0% used [0x00000000ecf00000,0x00000000ecf00000,0x00000000edf80000)
 ParOldGen       total 54272K, used 35155K [0x00000000a0000000, 0x00000000a3500000, 0x00000000e0000000)
  object space 54272K, 64% used [0x00000000a0000000,0x00000000a2254cd0,0x00000000a3500000)
 Metaspace       used 57644K, capacity 59110K, committed 59160K, reserved 1099776K
  class space    used 7805K, capacity 8195K, committed 8232K, reserved 1048576K
}
Event: 12.428 GC heap before
{Heap before GC invocations=18 (full 3):
 PSYoungGen      total 162816K, used 3984K [0x00000000e0000000, 0x00000000edf80000, 0x0000000100000000)
  eden space 145920K, 0% used [0x00000000e0000000,0x00000000e0000000,0x00000000e8e80000)
  from space 16896K, 23% used [0x00000000e8e80000,0x00000000e9264010,0x00000000e9f00000)
  to   space 16896K, 0% used [0x00000000ecf00000,0x00000000ecf00000,0x00000000edf80000)
 ParOldGen       total 54272K, used 35155K [0x00000000a0000000, 0x00000000a3500000, 0x00000000e0000000)
  object space 54272K, 64% used [0x00000000a0000000,0x00000000a2254cd0,0x00000000a3500000)
 Metaspace       used 57644K, capacity 59110K, committed 59160K, reserved 1099776K
  class space    used 7805K, capacity 8195K, committed 8232K, reserved 1048576K
Event: 12.768 GC heap after
Heap after GC invocations=18 (full 3):
 PSYoungGen      total 162816K, used 0K [0x00000000e0000000, 0x00000000edf80000, 0x0000000100000000)
  eden space 145920K, 0% used [0x00000000e0000000,0x00000000e0000000,0x00000000e8e80000)
  from space 16896K, 0% used [0x00000000e8e80000,0x00000000e8e80000,0x00000000e9f00000)
  to   space 16896K, 0% used [0x00000000ecf00000,0x00000000ecf00000,0x00000000edf80000)
 ParOldGen       total 54272K, used 30509K [0x00000000a0000000, 0x00000000a3500000, 0x00000000e0000000)
  object space 54272K, 56% used [0x00000000a0000000,0x00000000a1dcb7b0,0x00000000a3500000)
 Metaspace       used 57644K, capacity 59110K, committed 59160K, reserved 1099776K
  class space    used 7805K, capacity 8195K, committed 8232K, reserved 1048576K
}
Event: 15.907 GC heap before
{Heap before GC invocations=19 (full 3):
 PSYoungGen      total 162816K, used 145920K [0x00000000e0000000, 0x00000000edf80000, 0x0000000100000000)
  eden space 145920K, 100% used [0x00000000e0000000,0x00000000e8e80000,0x00000000e8e80000)
  from space 16896K, 0% used [0x00000000e8e80000,0x00000000e8e80000,0x00000000e9f00000)
  to   space 16896K, 0% used [0x00000000ecf00000,0x00000000ecf00000,0x00000000edf80000)
 ParOldGen       total 54272K, used 30509K [0x00000000a0000000, 0x00000000a3500000, 0x00000000e0000000)
  object space 54272K, 56% used [0x00000000a0000000,0x00000000a1dcb7b0,0x00000000a3500000)
 Metaspace       used 61649K, capacity 63508K, committed 63640K, reserved 1103872K
  class space    used 8329K, capacity 8774K, committed 8872K, reserved 1048576K
Event: 15.939 GC heap after
Heap after GC invocations=19 (full 3):
 PSYoungGen      total 189440K, used 12859K [0x00000000e0000000, 0x00000000edc00000, 0x0000000100000000)
  eden space 176128K, 0% used [0x00000000e0000000,0x00000000e0000000,0x00000000eac00000)
  from space 13312K, 96% used [0x00000000ecf00000,0x00000000edb8ee88,0x00000000edc00000)
  to   space 17920K, 0% used [0x00000000eb900000,0x00000000eb900000,0x00000000eca80000)
 ParOldGen       total 54272K, used 30517K [0x00000000a0000000, 0x00000000a3500000, 0x00000000e0000000)
  object space 54272K, 56% used [0x00000000a0000000,0x00000000a1dcd7b0,0x00000000a3500000)
 Metaspace       used 61649K, capacity 63508K, committed 63640K, reserved 1103872K
  class space    used 8329K, capacity 8774K, committed 8872K, reserved 1048576K
}

