# JRE version: OpenJDK Runtime Environment (8.0_152-b01) (build 1.8.0_152-release-1343-b01)
# Java VM: OpenJDK 64-Bit Server VM (25.152-b01 mixed mode windows-amd64 compressed oops)
Heap:
 PSYoungGen      total 159744K, used 40039K [0x00000000e0000000, 0x00000000ee100000, 0x0000000100000000)
  eden space 143872K, 16% used [0x00000000e0000000,0x00000000e179ddf8,0x00000000e8c80000)
  from space 15872K, 99% used [0x00000000e8c80000,0x00000000e9bfc040,0x00000000e9c00000)
  to   space 23040K, 0% used [0x00000000eca80000,0x00000000eca80000,0x00000000ee100000)
 ParOldGen       total 76288K, used 42421K [0x00000000a0000000, 0x00000000a4a80000, 0x00000000e0000000)
  object space 76288K, 55% used [0x00000000a0000000,0x00000000a296d748,0x00000000a4a80000)
 Metaspace       used 66562K, capacity 68568K, committed 68824K, reserved 1110016K
  class space    used 8927K, capacity 9390K, committed 9472K, reserved 1048576K
GC Heap History (10 events):
Event: 31.810 GC heap before
{Heap before GC invocations=18 (full 2):
 PSYoungGen      total 100352K, used 98835K [0x00000000e0000000, 0x00000000e8400000, 0x0000000100000000)
  eden space 90112K, 100% used [0x00000000e0000000,0x00000000e5800000,0x00000000e5800000)
  from space 10240K, 85% used [0x00000000e5800000,0x00000000e6084c10,0x00000000e6200000)
  to   space 10752K, 0% used [0x00000000e7980000,0x00000000e7980000,0x00000000e8400000)
 ParOldGen       total 55296K, used 25193K [0x00000000a0000000, 0x00000000a3600000, 0x00000000e0000000)
  object space 55296K, 45% used [0x00000000a0000000,0x00000000a189a640,0x00000000a3600000)
 Metaspace       used 57058K, capacity 58454K, committed 58624K, reserved 1101824K
  class space    used 7710K, capacity 8104K, committed 8192K, reserved 1048576K
Event: 31.842 GC heap after
Heap after GC invocations=18 (full 2):
 PSYoungGen      total 121344K, used 10742K [0x00000000e0000000, 0x00000000e8c80000, 0x0000000100000000)
  eden space 110592K, 0% used [0x00000000e0000000,0x00000000e0000000,0x00000000e6c00000)
  from space 10752K, 99% used [0x00000000e7980000,0x00000000e83fdb38,0x00000000e8400000)
  to   space 13824K, 0% used [0x00000000e6c00000,0x00000000e6c00000,0x00000000e7980000)
 ParOldGen       total 55296K, used 29608K [0x00000000a0000000, 0x00000000a3600000, 0x00000000e0000000)
  object space 55296K, 53% used [0x00000000a0000000,0x00000000a1cea2c8,0x00000000a3600000)
 Metaspace       used 57058K, capacity 58454K, committed 58624K, reserved 1101824K
  class space    used 7710K, capacity 8104K, committed 8192K, reserved 1048576K
}
Event: 32.045 GC heap before
{Heap before GC invocations=19 (full 2):
 PSYoungGen      total 121344K, used 26306K [0x00000000e0000000, 0x00000000e8c80000, 0x0000000100000000)
  eden space 110592K, 14% used [0x00000000e0000000,0x00000000e0f32ef0,0x00000000e6c00000)
  from space 10752K, 99% used [0x00000000e7980000,0x00000000e83fdb38,0x00000000e8400000)
  to   space 13824K, 0% used [0x00000000e6c00000,0x00000000e6c00000,0x00000000e7980000)
 ParOldGen       total 55296K, used 29608K [0x00000000a0000000, 0x00000000a3600000, 0x00000000e0000000)
  object space 55296K, 53% used [0x00000000a0000000,0x00000000a1cea2c8,0x00000000a3600000)
 Metaspace       used 57510K, capacity 58954K, committed 59096K, reserved 1101824K
  class space    used 7787K, capacity 8168K, committed 8192K, reserved 1048576K
Event: 32.088 GC heap after
Heap after GC invocations=19 (full 2):
 PSYoungGen      total 124416K, used 1296K [0x00000000e0000000, 0x00000000ead00000, 0x0000000100000000)
  eden space 110592K, 0% used [0x00000000e0000000,0x00000000e0000000,0x00000000e6c00000)
  from space 13824K, 9% used [0x00000000e6c00000,0x00000000e6d44010,0x00000000e7980000)
  to   space 14336K, 0% used [0x00000000e9f00000,0x00000000e9f00000,0x00000000ead00000)
 ParOldGen       total 55296K, used 38809K [0x00000000a0000000, 0x00000000a3600000, 0x00000000e0000000)
  object space 55296K, 70% used [0x00000000a0000000,0x00000000a25e6750,0x00000000a3600000)
 Metaspace       used 57510K, capacity 58954K, committed 59096K, reserved 1101824K
  class space    used 7787K, capacity 8168K, committed 8192K, reserved 1048576K
}
Event: 32.088 GC heap before
{Heap before GC invocations=20 (full 3):
 PSYoungGen      total 124416K, used 1296K [0x00000000e0000000, 0x00000000ead00000, 0x0000000100000000)
  eden space 110592K, 0% used [0x00000000e0000000,0x00000000e0000000,0x00000000e6c00000)
  from space 13824K, 9% used [0x00000000e6c00000,0x00000000e6d44010,0x00000000e7980000)
  to   space 14336K, 0% used [0x00000000e9f00000,0x00000000e9f00000,0x00000000ead00000)
 ParOldGen       total 55296K, used 38809K [0x00000000a0000000, 0x00000000a3600000, 0x00000000e0000000)
  object space 55296K, 70% used [0x00000000a0000000,0x00000000a25e6750,0x00000000a3600000)
 Metaspace       used 57510K, capacity 58954K, committed 59096K, reserved 1101824K
  class space    used 7787K, capacity 8168K, committed 8192K, reserved 1048576K
Event: 32.405 GC heap after
Heap after GC invocations=20 (full 3):
 PSYoungGen      total 124416K, used 0K [0x00000000e0000000, 0x00000000ead00000, 0x0000000100000000)
  eden space 110592K, 0% used [0x00000000e0000000,0x00000000e0000000,0x00000000e6c00000)
  from space 13824K, 0% used [0x00000000e6c00000,0x00000000e6c00000,0x00000000e7980000)
  to   space 14336K, 0% used [0x00000000e9f00000,0x00000000e9f00000,0x00000000ead00000)
 ParOldGen       total 76288K, used 29537K [0x00000000a0000000, 0x00000000a4a80000, 0x00000000e0000000)
  object space 76288K, 38% used [0x00000000a0000000,0x00000000a1cd8660,0x00000000a4a80000)
 Metaspace       used 57510K, capacity 58954K, committed 59096K, reserved 1101824K
  class space    used 7787K, capacity 8168K, committed 8192K, reserved 1048576K
}
Event: 42.703 GC heap before
{Heap before GC invocations=21 (full 3):
 PSYoungGen      total 124416K, used 110592K [0x00000000e0000000, 0x00000000ead00000, 0x0000000100000000)
  eden space 110592K, 100% used [0x00000000e0000000,0x00000000e6c00000,0x00000000e6c00000)
  from space 13824K, 0% used [0x00000000e6c00000,0x00000000e6c00000,0x00000000e7980000)
  to   space 14336K, 0% used [0x00000000e9f00000,0x00000000e9f00000,0x00000000ead00000)
 ParOldGen       total 76288K, used 29537K [0x00000000a0000000, 0x00000000a4a80000, 0x00000000e0000000)
  object space 76288K, 38% used [0x00000000a0000000,0x00000000a1cd8660,0x00000000a4a80000)
 Metaspace       used 63917K, capacity 65710K, committed 65880K, reserved 1107968K
  class space    used 8622K, capacity 9025K, committed 9088K, reserved 1048576K
Event: 42.721 GC heap after
Heap after GC invocations=21 (full 3):
 PSYoungGen      total 156672K, used 12446K [0x00000000e0000000, 0x00000000eab80000, 0x0000000100000000)
  eden space 143872K, 0% used [0x00000000e0000000,0x00000000e0000000,0x00000000e8c80000)
  from space 12800K, 97% used [0x00000000e9f00000,0x00000000eab27888,0x00000000eab80000)
  to   space 15872K, 0% used [0x00000000e8c80000,0x00000000e8c80000,0x00000000e9c00000)
 ParOldGen       total 76288K, used 29545K [0x00000000a0000000, 0x00000000a4a80000, 0x00000000e0000000)
  object space 76288K, 38% used [0x00000000a0000000,0x00000000a1cda660,0x00000000a4a80000)
 Metaspace       used 63917K, capacity 65710K, committed 65880K, reserved 1107968K
  class space    used 8622K, capacity 9025K, committed 9088K, reserved 1048576K
}
Event: 49.252 GC heap before
{Heap before GC invocations=22 (full 3):
 PSYoungGen      total 156672K, used 156318K [0x00000000e0000000, 0x00000000eab80000, 0x0000000100000000)
  eden space 143872K, 100% used [0x00000000e0000000,0x00000000e8c80000,0x00000000e8c80000)
  from space 12800K, 97% used [0x00000000e9f00000,0x00000000eab27888,0x00000000eab80000)
  to   space 15872K, 0% used [0x00000000e8c80000,0x00000000e8c80000,0x00000000e9c00000)
 ParOldGen       total 76288K, used 29545K [0x00000000a0000000, 0x00000000a4a80000, 0x00000000e0000000)
  object space 76288K, 38% used [0x00000000a0000000,0x00000000a1cda660,0x00000000a4a80000)
 Metaspace       used 66363K, capacity 68312K, committed 68568K, reserved 1110016K
  class space    used 8910K, capacity 9390K, committed 9472K, reserved 1048576K
Event: 49.288 GC heap after
Heap after GC invocations=22 (full 3):
 PSYoungGen      total 159744K, used 15856K [0x00000000e0000000, 0x00000000ee100000, 0x0000000100000000)
  eden space 143872K, 0% used [0x00000000e0000000,0x00000000e0000000,0x00000000e8c80000)
  from space 15872K, 99% used [0x00000000e8c80000,0x00000000e9bfc040,0x00000000e9c00000)
  to   space 23040K, 0% used [0x00000000eca80000,0x00000000eca80000,0x00000000ee100000)
 ParOldGen       total 76288K, used 42421K [0x00000000a0000000, 0x00000000a4a80000, 0x00000000e0000000)
  object space 76288K, 55% used [0x00000000a0000000,0x00000000a296d748,0x00000000a4a80000)
 Metaspace       used 66363K, capacity 68312K, committed 68568K, reserved 1110016K
  class space    used 8910K, capacity 9390K, committed 9472K, reserved 1048576K
}

