# JRE version: OpenJDK Runtime Environment (8.0_202-b03) (build 1.8.0_202-release-1483-b03)
# Java VM: OpenJDK 64-Bit Server VM (25.202-b03 mixed mode windows-amd64 compressed oops)
Heap:
 PSYoungGen      total 309760K, used 258090K [0x00000000e0000000, 0x00000000f5a00000, 0x0000000100000000)
  eden space 277504K, 85% used [0x00000000e0000000,0x00000000ee66e610,0x00000000f0f00000)
  from space 32256K, 68% used [0x00000000f3a80000,0x00000000f501c598,0x00000000f5a00000)
  to   space 38400K, 0% used [0x00000000f0f00000,0x00000000f0f00000,0x00000000f3480000)
 ParOldGen       total 124928K, used 86339K [0x00000000a0000000, 0x00000000a7a00000, 0x00000000e0000000)
  object space 124928K, 69% used [0x00000000a0000000,0x00000000a5450f20,0x00000000a7a00000)
 Metaspace       used 88714K, capacity 92218K, committed 92416K, reserved 1130496K
  class space    used 11472K, capacity 12215K, committed 12288K, reserved 1048576K
GC Heap History (10 events):
Event: 54.895 GC heap before
{Heap before GC invocations=22 (full 3):
 PSYoungGen      total 212480K, used 212461K [0x00000000e0000000, 0x00000000ee800000, 0x0000000100000000)
  eden space 199680K, 100% used [0x00000000e0000000,0x00000000ec300000,0x00000000ec300000)
  from space 12800K, 99% used [0x00000000edb80000,0x00000000ee7fb710,0x00000000ee800000)
  to   space 15360K, 0% used [0x00000000eca00000,0x00000000eca00000,0x00000000ed900000)
 ParOldGen       total 68608K, used 33385K [0x00000000a0000000, 0x00000000a4300000, 0x00000000e0000000)
  object space 68608K, 48% used [0x00000000a0000000,0x00000000a209a5e0,0x00000000a4300000)
 Metaspace       used 66857K, capacity 68796K, committed 68864K, reserved 1107968K
  class space    used 8912K, capacity 9404K, committed 9472K, reserved 1048576K
Event: 54.979 GC heap after
Heap after GC invocations=22 (full 3):
 PSYoungGen      total 222208K, used 15359K [0x00000000e0000000, 0x00000000f2a80000, 0x0000000100000000)
  eden space 206848K, 0% used [0x00000000e0000000,0x00000000e0000000,0x00000000eca00000)
  from space 15360K, 99% used [0x00000000eca00000,0x00000000ed8ffeb0,0x00000000ed900000)
  to   space 30208K, 0% used [0x00000000f0d00000,0x00000000f0d00000,0x00000000f2a80000)
 ParOldGen       total 68608K, used 67800K [0x00000000a0000000, 0x00000000a4300000, 0x00000000e0000000)
  object space 68608K, 98% used [0x00000000a0000000,0x00000000a4236268,0x00000000a4300000)
 Metaspace       used 66857K, capacity 68796K, committed 68864K, reserved 1107968K
  class space    used 8912K, capacity 9404K, committed 9472K, reserved 1048576K
}
Event: 54.979 GC heap before
{Heap before GC invocations=23 (full 4):
 PSYoungGen      total 222208K, used 15359K [0x00000000e0000000, 0x00000000f2a80000, 0x0000000100000000)
  eden space 206848K, 0% used [0x00000000e0000000,0x00000000e0000000,0x00000000eca00000)
  from space 15360K, 99% used [0x00000000eca00000,0x00000000ed8ffeb0,0x00000000ed900000)
  to   space 30208K, 0% used [0x00000000f0d00000,0x00000000f0d00000,0x00000000f2a80000)
 ParOldGen       total 68608K, used 67800K [0x00000000a0000000, 0x00000000a4300000, 0x00000000e0000000)
  object space 68608K, 98% used [0x00000000a0000000,0x00000000a4236268,0x00000000a4300000)
 Metaspace       used 66857K, capacity 68796K, committed 68864K, reserved 1107968K
  class space    used 8912K, capacity 9404K, committed 9472K, reserved 1048576K
Event: 55.628 GC heap after
Heap after GC invocations=23 (full 4):
 PSYoungGen      total 222208K, used 10184K [0x00000000e0000000, 0x00000000f2a80000, 0x0000000100000000)
  eden space 206848K, 0% used [0x00000000e0000000,0x00000000e0000000,0x00000000eca00000)
  from space 15360K, 66% used [0x00000000eca00000,0x00000000ed3f21d8,0x00000000ed900000)
  to   space 30208K, 0% used [0x00000000f0d00000,0x00000000f0d00000,0x00000000f2a80000)
 ParOldGen       total 124928K, used 68341K [0x00000000a0000000, 0x00000000a7a00000, 0x00000000e0000000)
  object space 124928K, 54% used [0x00000000a0000000,0x00000000a42bd498,0x00000000a7a00000)
 Metaspace       used 66853K, capacity 68784K, committed 68864K, reserved 1107968K
  class space    used 8911K, capacity 9402K, committed 9472K, reserved 1048576K
}
Event: 61.878 GC heap before
{Heap before GC invocations=24 (full 4):
 PSYoungGen      total 222208K, used 217032K [0x00000000e0000000, 0x00000000f2a80000, 0x0000000100000000)
  eden space 206848K, 100% used [0x00000000e0000000,0x00000000eca00000,0x00000000eca00000)
  from space 15360K, 66% used [0x00000000eca00000,0x00000000ed3f21d8,0x00000000ed900000)
  to   space 30208K, 0% used [0x00000000f0d00000,0x00000000f0d00000,0x00000000f2a80000)
 ParOldGen       total 124928K, used 68341K [0x00000000a0000000, 0x00000000a7a00000, 0x00000000e0000000)
  object space 124928K, 54% used [0x00000000a0000000,0x00000000a42bd498,0x00000000a7a00000)
 Metaspace       used 69672K, capacity 71664K, committed 71936K, reserved 1112064K
  class space    used 9150K, capacity 9660K, committed 9728K, reserved 1048576K
Event: 61.967 GC heap after
Heap after GC invocations=24 (full 4):
 PSYoungGen      total 271360K, used 26457K [0x00000000e0000000, 0x00000000f3480000, 0x0000000100000000)
  eden space 241152K, 0% used [0x00000000e0000000,0x00000000e0000000,0x00000000eeb80000)
  from space 30208K, 87% used [0x00000000f0d00000,0x00000000f26d66e8,0x00000000f2a80000)
  to   space 34304K, 0% used [0x00000000eeb80000,0x00000000eeb80000,0x00000000f0d00000)
 ParOldGen       total 124928K, used 78045K [0x00000000a0000000, 0x00000000a7a00000, 0x00000000e0000000)
  object space 124928K, 62% used [0x00000000a0000000,0x00000000a4c376f0,0x00000000a7a00000)
 Metaspace       used 69672K, capacity 71664K, committed 71936K, reserved 1112064K
  class space    used 9150K, capacity 9660K, committed 9728K, reserved 1048576K
}
Event: 73.241 GC heap before
{Heap before GC invocations=25 (full 4):
 PSYoungGen      total 271360K, used 267609K [0x00000000e0000000, 0x00000000f3480000, 0x0000000100000000)
  eden space 241152K, 100% used [0x00000000e0000000,0x00000000eeb80000,0x00000000eeb80000)
  from space 30208K, 87% used [0x00000000f0d00000,0x00000000f26d66e8,0x00000000f2a80000)
  to   space 34304K, 0% used [0x00000000eeb80000,0x00000000eeb80000,0x00000000f0d00000)
 ParOldGen       total 124928K, used 78045K [0x00000000a0000000, 0x00000000a7a00000, 0x00000000e0000000)
  object space 124928K, 62% used [0x00000000a0000000,0x00000000a4c376f0,0x00000000a7a00000)
 Metaspace       used 79789K, capacity 82810K, committed 82944K, reserved 1120256K
  class space    used 10529K, capacity 11227K, committed 11264K, reserved 1048576K
Event: 73.309 GC heap after
Heap after GC invocations=25 (full 4):
 PSYoungGen      total 275456K, used 27775K [0x00000000e0000000, 0x00000000f5f80000, 0x0000000100000000)
  eden space 241152K, 0% used [0x00000000e0000000,0x00000000e0000000,0x00000000eeb80000)
  from space 34304K, 80% used [0x00000000eeb80000,0x00000000f069fd50,0x00000000f0d00000)
  to   space 37888K, 0% used [0x00000000f3a80000,0x00000000f3a80000,0x00000000f5f80000)
 ParOldGen       total 124928K, used 86331K [0x00000000a0000000, 0x00000000a7a00000, 0x00000000e0000000)
  object space 124928K, 69% used [0x00000000a0000000,0x00000000a544ef20,0x00000000a7a00000)
 Metaspace       used 79789K, capacity 82810K, committed 82944K, reserved 1120256K
  class space    used 10529K, capacity 11227K, committed 11264K, reserved 1048576K
}
Event: 4036.240 GC heap before
{Heap before GC invocations=26 (full 4):
 PSYoungGen      total 275456K, used 268927K [0x00000000e0000000, 0x00000000f5f80000, 0x0000000100000000)
  eden space 241152K, 100% used [0x00000000e0000000,0x00000000eeb80000,0x00000000eeb80000)
  from space 34304K, 80% used [0x00000000eeb80000,0x00000000f069fd50,0x00000000f0d00000)
  to   space 37888K, 0% used [0x00000000f3a80000,0x00000000f3a80000,0x00000000f5f80000)
 ParOldGen       total 124928K, used 86331K [0x00000000a0000000, 0x00000000a7a00000, 0x00000000e0000000)
  object space 124928K, 69% used [0x00000000a0000000,0x00000000a544ef20,0x00000000a7a00000)
 Metaspace       used 86664K, capacity 90120K, committed 90496K, reserved 1128448K
  class space    used 11281K, capacity 12036K, committed 12160K, reserved 1048576K
Event: 4037.392 GC heap after
Heap after GC invocations=26 (full 4):
 PSYoungGen      total 309760K, used 22129K [0x00000000e0000000, 0x00000000f5a00000, 0x0000000100000000)
  eden space 277504K, 0% used [0x00000000e0000000,0x00000000e0000000,0x00000000f0f00000)
  from space 32256K, 68% used [0x00000000f3a80000,0x00000000f501c598,0x00000000f5a00000)
  to   space 38400K, 0% used [0x00000000f0f00000,0x00000000f0f00000,0x00000000f3480000)
 ParOldGen       total 124928K, used 86339K [0x00000000a0000000, 0x00000000a7a00000, 0x00000000e0000000)
  object space 124928K, 69% used [0x00000000a0000000,0x00000000a5450f20,0x00000000a7a00000)
 Metaspace       used 86664K, capacity 90120K, committed 90496K, reserved 1128448K
  class space    used 11281K, capacity 12036K, committed 12160K, reserved 1048576K
}

